{"C:\\Users\\JuniFruit\\Desktop\\VSCode\\DataStructures\\src\\HashMap\\HashMap.js": {"path":"C:\\Users\\JuniFruit\\Desktop\\VSCode\\DataStructures\\src\\HashMap\\HashMap.js","statementMap":{"0":{"start":{"line":6,"column":8},"end":{"line":6,"column":73}},"1":{"start":{"line":6,"column":56},"end":{"line":6,"column":72}},"2":{"start":{"line":7,"column":8},"end":{"line":7,"column":25}},"3":{"start":{"line":11,"column":23},"end":{"line":11,"column":24}},"4":{"start":{"line":12,"column":8},"end":{"line":14,"column":9}},"5":{"start":{"line":12,"column":19},"end":{"line":12,"column":20}},"6":{"start":{"line":13,"column":12},"end":{"line":13,"column":53}},"7":{"start":{"line":15,"column":8},"end":{"line":15,"column":46}},"8":{"start":{"line":20,"column":25},"end":{"line":20,"column":39}},"9":{"start":{"line":21,"column":27},"end":{"line":21,"column":49}},"10":{"start":{"line":23,"column":8},"end":{"line":25,"column":9}},"11":{"start":{"line":24,"column":12},"end":{"line":24,"column":53}},"12":{"start":{"line":27,"column":23},"end":{"line":27,"column":38}},"13":{"start":{"line":29,"column":8},"end":{"line":39,"column":9}},"14":{"start":{"line":30,"column":12},"end":{"line":33,"column":13}},"15":{"start":{"line":31,"column":16},"end":{"line":31,"column":44}},"16":{"start":{"line":32,"column":16},"end":{"line":32,"column":22}},"17":{"start":{"line":34,"column":12},"end":{"line":37,"column":13}},"18":{"start":{"line":35,"column":16},"end":{"line":35,"column":54}},"19":{"start":{"line":36,"column":16},"end":{"line":36,"column":22}},"20":{"start":{"line":38,"column":12},"end":{"line":38,"column":35}},"21":{"start":{"line":43,"column":25},"end":{"line":43,"column":39}},"22":{"start":{"line":44,"column":27},"end":{"line":44,"column":49}},"23":{"start":{"line":46,"column":8},"end":{"line":46,"column":42}},"24":{"start":{"line":46,"column":30},"end":{"line":46,"column":42}},"25":{"start":{"line":48,"column":22},"end":{"line":48,"column":37}},"26":{"start":{"line":50,"column":8},"end":{"line":55,"column":9}},"27":{"start":{"line":51,"column":12},"end":{"line":53,"column":13}},"28":{"start":{"line":52,"column":16},"end":{"line":52,"column":43}},"29":{"start":{"line":54,"column":12},"end":{"line":54,"column":35}},"30":{"start":{"line":56,"column":8},"end":{"line":56,"column":20}}},"fnMap":{"0":{"name":"(anonymous_0)","decl":{"start":{"line":5,"column":4},"end":{"line":5,"column":5}},"loc":{"start":{"line":5,"column":26},"end":{"line":8,"column":5}},"line":5},"1":{"name":"(anonymous_1)","decl":{"start":{"line":6,"column":50},"end":{"line":6,"column":51}},"loc":{"start":{"line":6,"column":56},"end":{"line":6,"column":72}},"line":6},"2":{"name":"(anonymous_2)","decl":{"start":{"line":10,"column":4},"end":{"line":10,"column":5}},"loc":{"start":{"line":10,"column":14},"end":{"line":16,"column":5}},"line":10},"3":{"name":"(anonymous_3)","decl":{"start":{"line":18,"column":4},"end":{"line":18,"column":5}},"loc":{"start":{"line":18,"column":23},"end":{"line":41,"column":5}},"line":18},"4":{"name":"(anonymous_4)","decl":{"start":{"line":42,"column":4},"end":{"line":42,"column":5}},"loc":{"start":{"line":42,"column":18},"end":{"line":57,"column":5}},"line":42}},"branchMap":{"0":{"loc":{"start":{"line":5,"column":16},"end":{"line":5,"column":24}},"type":"default-arg","locations":[{"start":{"line":5,"column":23},"end":{"line":5,"column":24}}],"line":5},"1":{"loc":{"start":{"line":23,"column":8},"end":{"line":25,"column":9}},"type":"if","locations":[{"start":{"line":23,"column":8},"end":{"line":25,"column":9}},{"start":{},"end":{}}],"line":23},"2":{"loc":{"start":{"line":30,"column":12},"end":{"line":33,"column":13}},"type":"if","locations":[{"start":{"line":30,"column":12},"end":{"line":33,"column":13}},{"start":{},"end":{}}],"line":30},"3":{"loc":{"start":{"line":34,"column":12},"end":{"line":37,"column":13}},"type":"if","locations":[{"start":{"line":34,"column":12},"end":{"line":37,"column":13}},{"start":{},"end":{}}],"line":34},"4":{"loc":{"start":{"line":46,"column":8},"end":{"line":46,"column":42}},"type":"if","locations":[{"start":{"line":46,"column":8},"end":{"line":46,"column":42}},{"start":{},"end":{}}],"line":46},"5":{"loc":{"start":{"line":51,"column":12},"end":{"line":53,"column":13}},"type":"if","locations":[{"start":{"line":51,"column":12},"end":{"line":53,"column":13}},{"start":{},"end":{}}],"line":51}},"s":{"0":6,"1":30,"2":6,"3":14,"4":14,"5":14,"6":80,"7":14,"8":8,"9":8,"10":8,"11":5,"12":3,"13":3,"14":4,"15":1,"16":1,"17":3,"18":2,"19":2,"20":1,"21":5,"22":5,"23":5,"24":0,"25":5,"26":5,"27":7,"28":4,"29":3,"30":1},"f":{"0":6,"1":30,"2":14,"3":8,"4":5},"b":{"0":[0],"1":[5,3],"2":[1,3],"3":[2,1],"4":[0,5],"5":[4,3]},"_coverageSchema":"1a1c01bbd47fc00a2c39e90264f33305004495a9","hash":"3f20709c91640dc176e61be29b3d447451a1674d"}
,"C:\\Users\\JuniFruit\\Desktop\\VSCode\\DataStructures\\src\\Heap\\MinHeap.js": {"path":"C:\\Users\\JuniFruit\\Desktop\\VSCode\\DataStructures\\src\\Heap\\MinHeap.js","statementMap":{"0":{"start":{"line":3,"column":8},"end":{"line":3,"column":26}},"1":{"start":{"line":4,"column":8},"end":{"line":4,"column":22}},"2":{"start":{"line":10,"column":8},"end":{"line":10,"column":30}},"3":{"start":{"line":11,"column":8},"end":{"line":11,"column":20}},"4":{"start":{"line":12,"column":8},"end":{"line":12,"column":24}},"5":{"start":{"line":16,"column":8},"end":{"line":16,"column":32}},"6":{"start":{"line":17,"column":23},"end":{"line":17,"column":38}},"7":{"start":{"line":18,"column":8},"end":{"line":18,"column":20}},"8":{"start":{"line":19,"column":8},"end":{"line":19,"column":23}},"9":{"start":{"line":21,"column":8},"end":{"line":21,"column":22}},"10":{"start":{"line":25,"column":25},"end":{"line":25,"column":34}},"11":{"start":{"line":27,"column":8},"end":{"line":30,"column":9}},"12":{"start":{"line":28,"column":12},"end":{"line":28,"column":65}},"13":{"start":{"line":29,"column":12},"end":{"line":29,"column":55}},"14":{"start":{"line":34,"column":22},"end":{"line":34,"column":23}},"15":{"start":{"line":35,"column":25},"end":{"line":35,"column":55}},"16":{"start":{"line":36,"column":24},"end":{"line":36,"column":53}},"17":{"start":{"line":38,"column":8},"end":{"line":54,"column":9}},"18":{"start":{"line":39,"column":12},"end":{"line":51,"column":13}},"19":{"start":{"line":40,"column":16},"end":{"line":46,"column":17}},"20":{"start":{"line":41,"column":20},"end":{"line":41,"column":50}},"21":{"start":{"line":42,"column":20},"end":{"line":42,"column":39}},"22":{"start":{"line":44,"column":20},"end":{"line":44,"column":51}},"23":{"start":{"line":45,"column":20},"end":{"line":45,"column":41}},"24":{"start":{"line":49,"column":16},"end":{"line":49,"column":46}},"25":{"start":{"line":50,"column":16},"end":{"line":50,"column":36}},"26":{"start":{"line":52,"column":12},"end":{"line":52,"column":56}},"27":{"start":{"line":53,"column":12},"end":{"line":53,"column":54}},"28":{"start":{"line":58,"column":8},"end":{"line":58,"column":80}},"29":{"start":{"line":62,"column":8},"end":{"line":63,"column":88}},"30":{"start":{"line":66,"column":8},"end":{"line":66,"column":32}},"31":{"start":{"line":69,"column":8},"end":{"line":69,"column":37}},"32":{"start":{"line":72,"column":8},"end":{"line":72,"column":27}},"33":{"start":{"line":75,"column":8},"end":{"line":75,"column":31}}},"fnMap":{"0":{"name":"(anonymous_0)","decl":{"start":{"line":2,"column":4},"end":{"line":2,"column":5}},"loc":{"start":{"line":2,"column":18},"end":{"line":5,"column":5}},"line":2},"1":{"name":"(anonymous_1)","decl":{"start":{"line":8,"column":4},"end":{"line":8,"column":5}},"loc":{"start":{"line":8,"column":20},"end":{"line":13,"column":5}},"line":8},"2":{"name":"(anonymous_2)","decl":{"start":{"line":15,"column":4},"end":{"line":15,"column":5}},"loc":{"start":{"line":15,"column":13},"end":{"line":22,"column":5}},"line":15},"3":{"name":"(anonymous_3)","decl":{"start":{"line":24,"column":4},"end":{"line":24,"column":5}},"loc":{"start":{"line":24,"column":15},"end":{"line":31,"column":5}},"line":24},"4":{"name":"(anonymous_4)","decl":{"start":{"line":33,"column":4},"end":{"line":33,"column":5}},"loc":{"start":{"line":33,"column":14},"end":{"line":55,"column":5}},"line":33},"5":{"name":"(anonymous_5)","decl":{"start":{"line":57,"column":4},"end":{"line":57,"column":5}},"loc":{"start":{"line":57,"column":21},"end":{"line":59,"column":5}},"line":57},"6":{"name":"(anonymous_6)","decl":{"start":{"line":61,"column":4},"end":{"line":61,"column":5}},"loc":{"start":{"line":61,"column":44},"end":{"line":64,"column":5}},"line":61},"7":{"name":"(anonymous_7)","decl":{"start":{"line":65,"column":4},"end":{"line":65,"column":5}},"loc":{"start":{"line":65,"column":20},"end":{"line":67,"column":5}},"line":65},"8":{"name":"(anonymous_8)","decl":{"start":{"line":68,"column":4},"end":{"line":68,"column":5}},"loc":{"start":{"line":68,"column":26},"end":{"line":70,"column":5}},"line":68},"9":{"name":"(anonymous_9)","decl":{"start":{"line":71,"column":4},"end":{"line":71,"column":5}},"loc":{"start":{"line":71,"column":29},"end":{"line":73,"column":5}},"line":71},"10":{"name":"(anonymous_10)","decl":{"start":{"line":74,"column":4},"end":{"line":74,"column":5}},"loc":{"start":{"line":74,"column":30},"end":{"line":76,"column":5}},"line":74}},"branchMap":{"0":{"loc":{"start":{"line":27,"column":15},"end":{"line":27,"column":97}},"type":"binary-expr","locations":[{"start":{"line":27,"column":15},"end":{"line":27,"column":29}},{"start":{"line":27,"column":33},"end":{"line":27,"column":97}}],"line":27},"1":{"loc":{"start":{"line":39,"column":12},"end":{"line":51,"column":13}},"type":"if","locations":[{"start":{"line":39,"column":12},"end":{"line":51,"column":13}},{"start":{"line":48,"column":19},"end":{"line":51,"column":13}}],"line":39},"2":{"loc":{"start":{"line":39,"column":16},"end":{"line":39,"column":73}},"type":"binary-expr","locations":[{"start":{"line":39,"column":16},"end":{"line":39,"column":42}},{"start":{"line":39,"column":46},"end":{"line":39,"column":73}}],"line":39},"3":{"loc":{"start":{"line":40,"column":16},"end":{"line":46,"column":17}},"type":"if","locations":[{"start":{"line":40,"column":16},"end":{"line":46,"column":17}},{"start":{"line":43,"column":23},"end":{"line":46,"column":17}}],"line":40},"4":{"loc":{"start":{"line":62,"column":15},"end":{"line":63,"column":88}},"type":"binary-expr","locations":[{"start":{"line":62,"column":15},"end":{"line":62,"column":41}},{"start":{"line":62,"column":45},"end":{"line":62,"column":86}},{"start":{"line":63,"column":15},"end":{"line":63,"column":42}},{"start":{"line":63,"column":46},"end":{"line":63,"column":88}}],"line":62}},"s":{"0":9,"1":9,"2":32,"3":32,"4":32,"5":2,"6":2,"7":2,"8":2,"9":2,"10":32,"11":32,"12":2,"13":2,"14":2,"15":2,"16":2,"17":2,"18":3,"19":2,"20":1,"21":1,"22":1,"23":1,"24":1,"25":1,"26":3,"27":3,"28":7,"29":7,"30":17,"31":29,"32":6,"33":6},"f":{"0":9,"1":32,"2":2,"3":32,"4":2,"5":7,"6":7,"7":17,"8":29,"9":6,"10":6},"b":{"0":[34,24],"1":[2,1],"2":[3,3],"3":[1,1],"4":[7,4,4,1]},"_coverageSchema":"1a1c01bbd47fc00a2c39e90264f33305004495a9","hash":"7c005f06ff84f9a347ef1bd9e52637d551dc5397"}
,"C:\\Users\\JuniFruit\\Desktop\\VSCode\\DataStructures\\src\\LinkedLists\\SinglyLinkedList.js": {"path":"C:\\Users\\JuniFruit\\Desktop\\VSCode\\DataStructures\\src\\LinkedLists\\SinglyLinkedList.js","statementMap":{"0":{"start":{"line":3,"column":8},"end":{"line":3,"column":27}},"1":{"start":{"line":4,"column":8},"end":{"line":4,"column":25}},"2":{"start":{"line":9,"column":8},"end":{"line":9,"column":25}},"3":{"start":{"line":15,"column":8},"end":{"line":15,"column":25}},"4":{"start":{"line":16,"column":8},"end":{"line":16,"column":22}},"5":{"start":{"line":20,"column":28},"end":{"line":20,"column":37}},"6":{"start":{"line":21,"column":24},"end":{"line":21,"column":44}},"7":{"start":{"line":22,"column":8},"end":{"line":22,"column":28}},"8":{"start":{"line":23,"column":8},"end":{"line":23,"column":64}},"9":{"start":{"line":24,"column":8},"end":{"line":24,"column":19}},"10":{"start":{"line":28,"column":8},"end":{"line":31,"column":9}},"11":{"start":{"line":30,"column":12},"end":{"line":30,"column":40}},"12":{"start":{"line":33,"column":22},"end":{"line":33,"column":31}},"13":{"start":{"line":34,"column":8},"end":{"line":37,"column":9}},"14":{"start":{"line":36,"column":12},"end":{"line":36,"column":35}},"15":{"start":{"line":38,"column":8},"end":{"line":38,"column":50}},"16":{"start":{"line":39,"column":8},"end":{"line":39,"column":20}},"17":{"start":{"line":44,"column":8},"end":{"line":44,"column":53}},"18":{"start":{"line":44,"column":25},"end":{"line":44,"column":53}},"19":{"start":{"line":45,"column":8},"end":{"line":45,"column":61}},"20":{"start":{"line":45,"column":33},"end":{"line":45,"column":61}},"21":{"start":{"line":46,"column":8},"end":{"line":46,"column":51}},"22":{"start":{"line":46,"column":44},"end":{"line":46,"column":51}},"23":{"start":{"line":48,"column":8},"end":{"line":48,"column":20}},"24":{"start":{"line":49,"column":22},"end":{"line":49,"column":31}},"25":{"start":{"line":50,"column":23},"end":{"line":50,"column":27}},"26":{"start":{"line":51,"column":20},"end":{"line":51,"column":21}},"27":{"start":{"line":53,"column":8},"end":{"line":62,"column":9}},"28":{"start":{"line":54,"column":12},"end":{"line":58,"column":13}},"29":{"start":{"line":55,"column":16},"end":{"line":55,"column":60}},"30":{"start":{"line":57,"column":16},"end":{"line":57,"column":22}},"31":{"start":{"line":59,"column":12},"end":{"line":59,"column":20}},"32":{"start":{"line":60,"column":12},"end":{"line":60,"column":31}},"33":{"start":{"line":61,"column":12},"end":{"line":61,"column":35}},"34":{"start":{"line":66,"column":28},"end":{"line":66,"column":37}},"35":{"start":{"line":67,"column":8},"end":{"line":67,"column":38}},"36":{"start":{"line":67,"column":26},"end":{"line":67,"column":38}},"37":{"start":{"line":69,"column":24},"end":{"line":69,"column":40}},"38":{"start":{"line":71,"column":8},"end":{"line":71,"column":28}},"39":{"start":{"line":72,"column":8},"end":{"line":72,"column":20}},"40":{"start":{"line":73,"column":8},"end":{"line":73,"column":27}},"41":{"start":{"line":79,"column":8},"end":{"line":79,"column":36}},"42":{"start":{"line":79,"column":24},"end":{"line":79,"column":36}},"43":{"start":{"line":81,"column":19},"end":{"line":81,"column":28}},"44":{"start":{"line":83,"column":8},"end":{"line":87,"column":9}},"45":{"start":{"line":84,"column":12},"end":{"line":84,"column":28}},"46":{"start":{"line":85,"column":12},"end":{"line":85,"column":29}},"47":{"start":{"line":89,"column":8},"end":{"line":89,"column":57}},"48":{"start":{"line":89,"column":32},"end":{"line":89,"column":57}},"49":{"start":{"line":90,"column":8},"end":{"line":90,"column":20}},"50":{"start":{"line":91,"column":8},"end":{"line":91,"column":29}},"51":{"start":{"line":93,"column":8},"end":{"line":93,"column":20}},"52":{"start":{"line":98,"column":8},"end":{"line":98,"column":36}},"53":{"start":{"line":98,"column":24},"end":{"line":98,"column":36}},"54":{"start":{"line":99,"column":8},"end":{"line":99,"column":63}},"55":{"start":{"line":99,"column":38},"end":{"line":99,"column":63}},"56":{"start":{"line":101,"column":22},"end":{"line":101,"column":36}},"57":{"start":{"line":102,"column":23},"end":{"line":102,"column":32}},"58":{"start":{"line":104,"column":8},"end":{"line":111,"column":9}},"59":{"start":{"line":105,"column":12},"end":{"line":108,"column":13}},"60":{"start":{"line":106,"column":16},"end":{"line":106,"column":45}},"61":{"start":{"line":107,"column":16},"end":{"line":107,"column":22}},"62":{"start":{"line":109,"column":12},"end":{"line":109,"column":36}},"63":{"start":{"line":110,"column":12},"end":{"line":110,"column":34}},"64":{"start":{"line":112,"column":8},"end":{"line":112,"column":42}},"65":{"start":{"line":112,"column":30},"end":{"line":112,"column":42}},"66":{"start":{"line":113,"column":8},"end":{"line":113,"column":20}},"67":{"start":{"line":114,"column":8},"end":{"line":114,"column":23}},"68":{"start":{"line":118,"column":8},"end":{"line":118,"column":36}},"69":{"start":{"line":118,"column":24},"end":{"line":118,"column":36}},"70":{"start":{"line":120,"column":22},"end":{"line":120,"column":31}},"71":{"start":{"line":122,"column":8},"end":{"line":125,"column":9}},"72":{"start":{"line":123,"column":12},"end":{"line":123,"column":55}},"73":{"start":{"line":123,"column":40},"end":{"line":123,"column":55}},"74":{"start":{"line":124,"column":12},"end":{"line":124,"column":34}},"75":{"start":{"line":126,"column":8},"end":{"line":126,"column":23}},"76":{"start":{"line":130,"column":8},"end":{"line":130,"column":57}},"77":{"start":{"line":130,"column":45},"end":{"line":130,"column":57}},"78":{"start":{"line":132,"column":22},"end":{"line":132,"column":31}},"79":{"start":{"line":133,"column":20},"end":{"line":133,"column":21}},"80":{"start":{"line":134,"column":8},"end":{"line":138,"column":9}},"81":{"start":{"line":135,"column":12},"end":{"line":135,"column":48}},"82":{"start":{"line":135,"column":33},"end":{"line":135,"column":48}},"83":{"start":{"line":136,"column":12},"end":{"line":136,"column":35}},"84":{"start":{"line":137,"column":12},"end":{"line":137,"column":20}},"85":{"start":{"line":142,"column":21},"end":{"line":142,"column":37}},"86":{"start":{"line":143,"column":8},"end":{"line":145,"column":9}},"87":{"start":{"line":143,"column":21},"end":{"line":143,"column":22}},"88":{"start":{"line":144,"column":12},"end":{"line":144,"column":40}},"89":{"start":{"line":147,"column":8},"end":{"line":147,"column":19}},"90":{"start":{"line":169,"column":28},"end":{"line":183,"column":1}},"91":{"start":{"line":170,"column":15},"end":{"line":170,"column":19}},"92":{"start":{"line":171,"column":18},"end":{"line":171,"column":27}},"93":{"start":{"line":172,"column":19},"end":{"line":172,"column":23}},"94":{"start":{"line":174,"column":4},"end":{"line":180,"column":5}},"95":{"start":{"line":175,"column":6},"end":{"line":175,"column":30}},"96":{"start":{"line":176,"column":6},"end":{"line":176,"column":26}},"97":{"start":{"line":177,"column":6},"end":{"line":177,"column":21}},"98":{"start":{"line":178,"column":6},"end":{"line":178,"column":25}},"99":{"start":{"line":181,"column":4},"end":{"line":181,"column":21}},"100":{"start":{"line":182,"column":4},"end":{"line":182,"column":15}},"101":{"start":{"line":187,"column":30},"end":{"line":224,"column":1}},"102":{"start":{"line":189,"column":4},"end":{"line":189,"column":36}},"103":{"start":{"line":189,"column":24},"end":{"line":189,"column":36}},"104":{"start":{"line":190,"column":4},"end":{"line":190,"column":88}},"105":{"start":{"line":190,"column":22},"end":{"line":190,"column":88}},"106":{"start":{"line":193,"column":18},"end":{"line":193,"column":27}},"107":{"start":{"line":194,"column":19},"end":{"line":194,"column":23}},"108":{"start":{"line":195,"column":16},"end":{"line":195,"column":17}},"109":{"start":{"line":197,"column":4},"end":{"line":222,"column":5}},"110":{"start":{"line":198,"column":8},"end":{"line":218,"column":9}},"111":{"start":{"line":200,"column":10},"end":{"line":200,"column":33}},"112":{"start":{"line":201,"column":21},"end":{"line":201,"column":25}},"113":{"start":{"line":202,"column":32},"end":{"line":202,"column":44}},"114":{"start":{"line":203,"column":21},"end":{"line":203,"column":25}},"115":{"start":{"line":204,"column":28},"end":{"line":204,"column":33}},"116":{"start":{"line":205,"column":10},"end":{"line":212,"column":11}},"117":{"start":{"line":206,"column":13},"end":{"line":206,"column":41}},"118":{"start":{"line":207,"column":13},"end":{"line":207,"column":41}},"119":{"start":{"line":208,"column":13},"end":{"line":208,"column":36}},"120":{"start":{"line":209,"column":13},"end":{"line":209,"column":36}},"121":{"start":{"line":210,"column":13},"end":{"line":210,"column":88}},"122":{"start":{"line":210,"column":44},"end":{"line":210,"column":88}},"123":{"start":{"line":211,"column":13},"end":{"line":211,"column":28}},"124":{"start":{"line":214,"column":10},"end":{"line":214,"column":30}},"125":{"start":{"line":215,"column":10},"end":{"line":215,"column":77}},"126":{"start":{"line":216,"column":10},"end":{"line":216,"column":46}},"127":{"start":{"line":217,"column":10},"end":{"line":217,"column":16}},"128":{"start":{"line":219,"column":8},"end":{"line":219,"column":16}},"129":{"start":{"line":220,"column":8},"end":{"line":220,"column":27}},"130":{"start":{"line":221,"column":8},"end":{"line":221,"column":31}},"131":{"start":{"line":223,"column":4},"end":{"line":223,"column":16}},"132":{"start":{"line":228,"column":25},"end":{"line":242,"column":1}},"133":{"start":{"line":230,"column":21},"end":{"line":230,"column":30}},"134":{"start":{"line":231,"column":21},"end":{"line":231,"column":30}},"135":{"start":{"line":233,"column":4},"end":{"line":240,"column":5}},"136":{"start":{"line":234,"column":8},"end":{"line":234,"column":36}},"137":{"start":{"line":235,"column":8},"end":{"line":238,"column":9}},"138":{"start":{"line":236,"column":12},"end":{"line":236,"column":41}},"139":{"start":{"line":237,"column":12},"end":{"line":237,"column":41}},"140":{"start":{"line":241,"column":4},"end":{"line":241,"column":22}},"141":{"start":{"line":246,"column":25},"end":{"line":284,"column":1}},"142":{"start":{"line":248,"column":4},"end":{"line":248,"column":72}},"143":{"start":{"line":248,"column":31},"end":{"line":248,"column":72}},"144":{"start":{"line":249,"column":4},"end":{"line":249,"column":110}},"145":{"start":{"line":249,"column":39},"end":{"line":249,"column":110}},"146":{"start":{"line":251,"column":18},"end":{"line":251,"column":27}},"147":{"start":{"line":252,"column":19},"end":{"line":252,"column":23}},"148":{"start":{"line":253,"column":20},"end":{"line":253,"column":29}},"149":{"start":{"line":254,"column":23},"end":{"line":254,"column":41}},"150":{"start":{"line":255,"column":23},"end":{"line":255,"column":41}},"151":{"start":{"line":259,"column":4},"end":{"line":278,"column":5}},"152":{"start":{"line":261,"column":8},"end":{"line":272,"column":9}},"153":{"start":{"line":262,"column":12},"end":{"line":262,"column":43}},"154":{"start":{"line":263,"column":12},"end":{"line":263,"column":33}},"155":{"start":{"line":264,"column":12},"end":{"line":264,"column":54}},"156":{"start":{"line":265,"column":12},"end":{"line":265,"column":28}},"157":{"start":{"line":267,"column":15},"end":{"line":272,"column":9}},"158":{"start":{"line":268,"column":12},"end":{"line":268,"column":43}},"159":{"start":{"line":269,"column":12},"end":{"line":269,"column":33}},"160":{"start":{"line":270,"column":12},"end":{"line":270,"column":54}},"161":{"start":{"line":271,"column":12},"end":{"line":271,"column":28}},"162":{"start":{"line":274,"column":8},"end":{"line":274,"column":54}},"163":{"start":{"line":274,"column":48},"end":{"line":274,"column":54}},"164":{"start":{"line":276,"column":8},"end":{"line":276,"column":27}},"165":{"start":{"line":277,"column":8},"end":{"line":277,"column":30}},"166":{"start":{"line":280,"column":4},"end":{"line":280,"column":67}},"167":{"start":{"line":280,"column":44},"end":{"line":280,"column":67}},"168":{"start":{"line":281,"column":4},"end":{"line":281,"column":67}},"169":{"start":{"line":281,"column":44},"end":{"line":281,"column":67}},"170":{"start":{"line":282,"column":4},"end":{"line":282,"column":72}},"171":{"start":{"line":282,"column":26},"end":{"line":282,"column":72}},"172":{"start":{"line":283,"column":4},"end":{"line":283,"column":16}}},"fnMap":{"0":{"name":"(anonymous_0)","decl":{"start":{"line":2,"column":4},"end":{"line":2,"column":5}},"loc":{"start":{"line":2,"column":29},"end":{"line":5,"column":5}},"line":2},"1":{"name":"(anonymous_1)","decl":{"start":{"line":7,"column":4},"end":{"line":7,"column":5}},"loc":{"start":{"line":7,"column":22},"end":{"line":10,"column":5}},"line":7},"2":{"name":"(anonymous_2)","decl":{"start":{"line":14,"column":4},"end":{"line":14,"column":5}},"loc":{"start":{"line":14,"column":18},"end":{"line":17,"column":5}},"line":14},"3":{"name":"(anonymous_3)","decl":{"start":{"line":19,"column":4},"end":{"line":19,"column":5}},"loc":{"start":{"line":19,"column":20},"end":{"line":25,"column":5}},"line":19},"4":{"name":"(anonymous_4)","decl":{"start":{"line":27,"column":4},"end":{"line":27,"column":5}},"loc":{"start":{"line":27,"column":20},"end":{"line":41,"column":5}},"line":27},"5":{"name":"(anonymous_5)","decl":{"start":{"line":43,"column":4},"end":{"line":43,"column":5}},"loc":{"start":{"line":43,"column":31},"end":{"line":63,"column":5}},"line":43},"6":{"name":"(anonymous_6)","decl":{"start":{"line":65,"column":4},"end":{"line":65,"column":5}},"loc":{"start":{"line":65,"column":17},"end":{"line":75,"column":5}},"line":65},"7":{"name":"(anonymous_7)","decl":{"start":{"line":77,"column":4},"end":{"line":77,"column":5}},"loc":{"start":{"line":77,"column":17},"end":{"line":95,"column":5}},"line":77},"8":{"name":"(anonymous_8)","decl":{"start":{"line":97,"column":4},"end":{"line":97,"column":5}},"loc":{"start":{"line":97,"column":23},"end":{"line":115,"column":5}},"line":97},"9":{"name":"(anonymous_9)","decl":{"start":{"line":117,"column":4},"end":{"line":117,"column":5}},"loc":{"start":{"line":117,"column":17},"end":{"line":127,"column":5}},"line":117},"10":{"name":"(anonymous_10)","decl":{"start":{"line":129,"column":4},"end":{"line":129,"column":5}},"loc":{"start":{"line":129,"column":25},"end":{"line":139,"column":5}},"line":129},"11":{"name":"(anonymous_11)","decl":{"start":{"line":141,"column":4},"end":{"line":141,"column":5}},"loc":{"start":{"line":141,"column":21},"end":{"line":148,"column":5}},"line":141},"12":{"name":"(anonymous_12)","decl":{"start":{"line":169,"column":28},"end":{"line":169,"column":29}},"loc":{"start":{"line":169,"column":38},"end":{"line":183,"column":1}},"line":169},"13":{"name":"(anonymous_13)","decl":{"start":{"line":187,"column":30},"end":{"line":187,"column":31}},"loc":{"start":{"line":187,"column":53},"end":{"line":224,"column":1}},"line":187},"14":{"name":"(anonymous_14)","decl":{"start":{"line":228,"column":25},"end":{"line":228,"column":26}},"loc":{"start":{"line":228,"column":35},"end":{"line":242,"column":1}},"line":228},"15":{"name":"(anonymous_15)","decl":{"start":{"line":246,"column":25},"end":{"line":246,"column":26}},"loc":{"start":{"line":246,"column":55},"end":{"line":284,"column":1}},"line":246}},"branchMap":{"0":{"loc":{"start":{"line":23,"column":8},"end":{"line":23,"column":63}},"type":"cond-expr","locations":[{"start":{"line":23,"column":22},"end":{"line":23,"column":56}},{"start":{"line":23,"column":59},"end":{"line":23,"column":63}}],"line":23},"1":{"loc":{"start":{"line":28,"column":8},"end":{"line":31,"column":9}},"type":"if","locations":[{"start":{"line":28,"column":8},"end":{"line":31,"column":9}},{"start":{},"end":{}}],"line":28},"2":{"loc":{"start":{"line":44,"column":8},"end":{"line":44,"column":53}},"type":"if","locations":[{"start":{"line":44,"column":8},"end":{"line":44,"column":53}},{"start":{},"end":{}}],"line":44},"3":{"loc":{"start":{"line":45,"column":8},"end":{"line":45,"column":61}},"type":"if","locations":[{"start":{"line":45,"column":8},"end":{"line":45,"column":61}},{"start":{},"end":{}}],"line":45},"4":{"loc":{"start":{"line":46,"column":8},"end":{"line":46,"column":51}},"type":"if","locations":[{"start":{"line":46,"column":8},"end":{"line":46,"column":51}},{"start":{},"end":{}}],"line":46},"5":{"loc":{"start":{"line":46,"column":12},"end":{"line":46,"column":42}},"type":"binary-expr","locations":[{"start":{"line":46,"column":12},"end":{"line":46,"column":29}},{"start":{"line":46,"column":33},"end":{"line":46,"column":42}}],"line":46},"6":{"loc":{"start":{"line":54,"column":12},"end":{"line":58,"column":13}},"type":"if","locations":[{"start":{"line":54,"column":12},"end":{"line":58,"column":13}},{"start":{},"end":{}}],"line":54},"7":{"loc":{"start":{"line":67,"column":8},"end":{"line":67,"column":38}},"type":"if","locations":[{"start":{"line":67,"column":8},"end":{"line":67,"column":38}},{"start":{},"end":{}}],"line":67},"8":{"loc":{"start":{"line":79,"column":8},"end":{"line":79,"column":36}},"type":"if","locations":[{"start":{"line":79,"column":8},"end":{"line":79,"column":36}},{"start":{},"end":{}}],"line":79},"9":{"loc":{"start":{"line":89,"column":8},"end":{"line":89,"column":57}},"type":"if","locations":[{"start":{"line":89,"column":8},"end":{"line":89,"column":57}},{"start":{},"end":{}}],"line":89},"10":{"loc":{"start":{"line":98,"column":8},"end":{"line":98,"column":36}},"type":"if","locations":[{"start":{"line":98,"column":8},"end":{"line":98,"column":36}},{"start":{},"end":{}}],"line":98},"11":{"loc":{"start":{"line":99,"column":8},"end":{"line":99,"column":63}},"type":"if","locations":[{"start":{"line":99,"column":8},"end":{"line":99,"column":63}},{"start":{},"end":{}}],"line":99},"12":{"loc":{"start":{"line":105,"column":12},"end":{"line":108,"column":13}},"type":"if","locations":[{"start":{"line":105,"column":12},"end":{"line":108,"column":13}},{"start":{},"end":{}}],"line":105},"13":{"loc":{"start":{"line":112,"column":8},"end":{"line":112,"column":42}},"type":"if","locations":[{"start":{"line":112,"column":8},"end":{"line":112,"column":42}},{"start":{},"end":{}}],"line":112},"14":{"loc":{"start":{"line":118,"column":8},"end":{"line":118,"column":36}},"type":"if","locations":[{"start":{"line":118,"column":8},"end":{"line":118,"column":36}},{"start":{},"end":{}}],"line":118},"15":{"loc":{"start":{"line":123,"column":12},"end":{"line":123,"column":55}},"type":"if","locations":[{"start":{"line":123,"column":12},"end":{"line":123,"column":55}},{"start":{},"end":{}}],"line":123},"16":{"loc":{"start":{"line":130,"column":8},"end":{"line":130,"column":57}},"type":"if","locations":[{"start":{"line":130,"column":8},"end":{"line":130,"column":57}},{"start":{},"end":{}}],"line":130},"17":{"loc":{"start":{"line":130,"column":12},"end":{"line":130,"column":43}},"type":"binary-expr","locations":[{"start":{"line":130,"column":12},"end":{"line":130,"column":21}},{"start":{"line":130,"column":25},"end":{"line":130,"column":43}}],"line":130},"18":{"loc":{"start":{"line":135,"column":12},"end":{"line":135,"column":48}},"type":"if","locations":[{"start":{"line":135,"column":12},"end":{"line":135,"column":48}},{"start":{},"end":{}}],"line":135},"19":{"loc":{"start":{"line":189,"column":4},"end":{"line":189,"column":36}},"type":"if","locations":[{"start":{"line":189,"column":4},"end":{"line":189,"column":36}},{"start":{},"end":{}}],"line":189},"20":{"loc":{"start":{"line":190,"column":4},"end":{"line":190,"column":88}},"type":"if","locations":[{"start":{"line":190,"column":4},"end":{"line":190,"column":88}},{"start":{},"end":{}}],"line":190},"21":{"loc":{"start":{"line":198,"column":8},"end":{"line":218,"column":9}},"type":"if","locations":[{"start":{"line":198,"column":8},"end":{"line":218,"column":9}},{"start":{},"end":{}}],"line":198},"22":{"loc":{"start":{"line":198,"column":12},"end":{"line":198,"column":42}},"type":"binary-expr","locations":[{"start":{"line":198,"column":12},"end":{"line":198,"column":25}},{"start":{"line":198,"column":29},"end":{"line":198,"column":42}}],"line":198},"23":{"loc":{"start":{"line":210,"column":13},"end":{"line":210,"column":88}},"type":"if","locations":[{"start":{"line":210,"column":13},"end":{"line":210,"column":88}},{"start":{},"end":{}}],"line":210},"24":{"loc":{"start":{"line":215,"column":10},"end":{"line":215,"column":76}},"type":"cond-expr","locations":[{"start":{"line":215,"column":21},"end":{"line":215,"column":49}},{"start":{"line":215,"column":52},"end":{"line":215,"column":76}}],"line":215},"25":{"loc":{"start":{"line":235,"column":8},"end":{"line":238,"column":9}},"type":"if","locations":[{"start":{"line":235,"column":8},"end":{"line":238,"column":9}},{"start":{},"end":{}}],"line":235},"26":{"loc":{"start":{"line":248,"column":4},"end":{"line":248,"column":72}},"type":"if","locations":[{"start":{"line":248,"column":4},"end":{"line":248,"column":72}},{"start":{},"end":{}}],"line":248},"27":{"loc":{"start":{"line":249,"column":4},"end":{"line":249,"column":110}},"type":"if","locations":[{"start":{"line":249,"column":4},"end":{"line":249,"column":110}},{"start":{},"end":{}}],"line":249},"28":{"loc":{"start":{"line":249,"column":8},"end":{"line":249,"column":37}},"type":"binary-expr","locations":[{"start":{"line":249,"column":8},"end":{"line":249,"column":18}},{"start":{"line":249,"column":22},"end":{"line":249,"column":37}}],"line":249},"29":{"loc":{"start":{"line":261,"column":8},"end":{"line":272,"column":9}},"type":"if","locations":[{"start":{"line":261,"column":8},"end":{"line":272,"column":9}},{"start":{"line":267,"column":15},"end":{"line":272,"column":9}}],"line":261},"30":{"loc":{"start":{"line":264,"column":12},"end":{"line":264,"column":53}},"type":"cond-expr","locations":[{"start":{"line":264,"column":23},"end":{"line":264,"column":46}},{"start":{"line":264,"column":49},"end":{"line":264,"column":53}}],"line":264},"31":{"loc":{"start":{"line":267,"column":15},"end":{"line":272,"column":9}},"type":"if","locations":[{"start":{"line":267,"column":15},"end":{"line":272,"column":9}},{"start":{},"end":{}}],"line":267},"32":{"loc":{"start":{"line":270,"column":12},"end":{"line":270,"column":53}},"type":"cond-expr","locations":[{"start":{"line":270,"column":23},"end":{"line":270,"column":46}},{"start":{"line":270,"column":49},"end":{"line":270,"column":53}}],"line":270},"33":{"loc":{"start":{"line":274,"column":8},"end":{"line":274,"column":54}},"type":"if","locations":[{"start":{"line":274,"column":8},"end":{"line":274,"column":54}},{"start":{},"end":{}}],"line":274},"34":{"loc":{"start":{"line":274,"column":12},"end":{"line":274,"column":46}},"type":"binary-expr","locations":[{"start":{"line":274,"column":12},"end":{"line":274,"column":27}},{"start":{"line":274,"column":31},"end":{"line":274,"column":46}}],"line":274},"35":{"loc":{"start":{"line":280,"column":4},"end":{"line":280,"column":67}},"type":"if","locations":[{"start":{"line":280,"column":4},"end":{"line":280,"column":67}},{"start":{},"end":{}}],"line":280},"36":{"loc":{"start":{"line":281,"column":4},"end":{"line":281,"column":67}},"type":"if","locations":[{"start":{"line":281,"column":4},"end":{"line":281,"column":67}},{"start":{},"end":{}}],"line":281},"37":{"loc":{"start":{"line":282,"column":4},"end":{"line":282,"column":72}},"type":"if","locations":[{"start":{"line":282,"column":4},"end":{"line":282,"column":72}},{"start":{},"end":{}}],"line":282},"38":{"loc":{"start":{"line":282,"column":8},"end":{"line":282,"column":24}},"type":"binary-expr","locations":[{"start":{"line":282,"column":8},"end":{"line":282,"column":14}},{"start":{"line":282,"column":18},"end":{"line":282,"column":24}}],"line":282}},"s":{"0":240,"1":240,"2":187,"3":102,"4":102,"5":48,"6":48,"7":48,"8":48,"9":48,"10":212,"11":31,"12":181,"13":181,"14":666,"15":181,"16":181,"17":5,"18":1,"19":4,"20":1,"21":3,"22":2,"23":1,"24":1,"25":1,"26":1,"27":1,"28":5,"29":1,"30":1,"31":4,"32":4,"33":4,"34":7,"35":7,"36":1,"37":6,"38":6,"39":6,"40":6,"41":3,"42":1,"43":2,"44":2,"45":9,"46":9,"47":2,"48":1,"49":1,"50":1,"51":1,"52":4,"53":1,"54":3,"55":1,"56":2,"57":2,"58":2,"59":16,"60":1,"61":1,"62":15,"63":15,"64":2,"65":1,"66":1,"67":1,"68":3,"69":1,"70":2,"71":2,"72":16,"73":1,"74":15,"75":1,"76":14,"77":3,"78":11,"79":11,"80":11,"81":52,"82":11,"83":41,"84":41,"85":25,"86":25,"87":25,"88":190,"89":25,"90":4,"91":1,"92":1,"93":1,"94":1,"95":4,"96":4,"97":4,"98":4,"99":1,"100":1,"101":4,"102":2,"103":0,"104":2,"105":0,"106":2,"107":2,"108":2,"109":2,"110":3,"111":2,"112":2,"113":2,"114":2,"115":2,"116":2,"117":5,"118":5,"119":5,"120":5,"121":5,"122":2,"123":5,"124":2,"125":2,"126":2,"127":2,"128":1,"129":1,"130":1,"131":2,"132":4,"133":1,"134":1,"135":1,"136":2,"137":2,"138":2,"139":2,"140":1,"141":4,"142":6,"143":1,"144":5,"145":1,"146":4,"147":4,"148":4,"149":4,"150":4,"151":4,"152":27,"153":4,"154":4,"155":4,"156":4,"157":23,"158":3,"159":3,"160":3,"161":3,"162":27,"163":2,"164":25,"165":25,"166":4,"167":1,"168":4,"169":0,"170":4,"171":1,"172":3},"f":{"0":240,"1":187,"2":102,"3":48,"4":212,"5":5,"6":7,"7":3,"8":4,"9":3,"10":14,"11":25,"12":1,"13":2,"14":1,"15":6},"b":{"0":[5,43],"1":[31,181],"2":[1,4],"3":[1,3],"4":[2,1],"5":[3,2],"6":[1,4],"7":[1,6],"8":[1,2],"9":[1,1],"10":[1,3],"11":[1,2],"12":[1,15],"13":[1,1],"14":[1,2],"15":[1,15],"16":[3,11],"17":[14,13],"18":[11,41],"19":[0,2],"20":[0,2],"21":[2,1],"22":[3,2],"23":[2,3],"24":[1,1],"25":[2,0],"26":[1,5],"27":[1,4],"28":[5,5],"29":[4,23],"30":[3,1],"31":[3,20],"32":[3,0],"33":[2,25],"34":[27,4],"35":[1,3],"36":[0,4],"37":[1,3],"38":[4,4]},"_coverageSchema":"1a1c01bbd47fc00a2c39e90264f33305004495a9","hash":"d3f2e37cbb85dd0a23c17865165d91546f664d05"}
,"C:\\Users\\JuniFruit\\Desktop\\VSCode\\DataStructures\\src\\Queue\\Queue.js": {"path":"C:\\Users\\JuniFruit\\Desktop\\VSCode\\DataStructures\\src\\Queue\\Queue.js","statementMap":{"0":{"start":{"line":5,"column":8},"end":{"line":5,"column":38}},"1":{"start":{"line":6,"column":8},"end":{"line":6,"column":31}},"2":{"start":{"line":7,"column":8},"end":{"line":7,"column":22}},"3":{"start":{"line":12,"column":8},"end":{"line":12,"column":78}},"4":{"start":{"line":12,"column":39},"end":{"line":12,"column":78}},"5":{"start":{"line":14,"column":8},"end":{"line":14,"column":35}},"6":{"start":{"line":15,"column":8},"end":{"line":15,"column":21}},"7":{"start":{"line":19,"column":8},"end":{"line":19,"column":36}},"8":{"start":{"line":19,"column":24},"end":{"line":19,"column":36}},"9":{"start":{"line":21,"column":24},"end":{"line":21,"column":47}},"10":{"start":{"line":22,"column":8},"end":{"line":22,"column":21}},"11":{"start":{"line":23,"column":8},"end":{"line":23,"column":23}},"12":{"start":{"line":27,"column":8},"end":{"line":27,"column":36}},"13":{"start":{"line":27,"column":24},"end":{"line":27,"column":36}},"14":{"start":{"line":29,"column":8},"end":{"line":29,"column":31}}},"fnMap":{"0":{"name":"(anonymous_0)","decl":{"start":{"line":4,"column":4},"end":{"line":4,"column":5}},"loc":{"start":{"line":4,"column":36},"end":{"line":9,"column":5}},"line":4},"1":{"name":"(anonymous_1)","decl":{"start":{"line":11,"column":4},"end":{"line":11,"column":5}},"loc":{"start":{"line":11,"column":18},"end":{"line":17,"column":5}},"line":11},"2":{"name":"(anonymous_2)","decl":{"start":{"line":18,"column":4},"end":{"line":18,"column":5}},"loc":{"start":{"line":18,"column":14},"end":{"line":24,"column":5}},"line":18},"3":{"name":"(anonymous_3)","decl":{"start":{"line":26,"column":4},"end":{"line":26,"column":5}},"loc":{"start":{"line":26,"column":11},"end":{"line":30,"column":5}},"line":26}},"branchMap":{"0":{"loc":{"start":{"line":4,"column":16},"end":{"line":4,"column":34}},"type":"default-arg","locations":[{"start":{"line":4,"column":26},"end":{"line":4,"column":34}}],"line":4},"1":{"loc":{"start":{"line":12,"column":8},"end":{"line":12,"column":78}},"type":"if","locations":[{"start":{"line":12,"column":8},"end":{"line":12,"column":78}},{"start":{},"end":{}}],"line":12},"2":{"loc":{"start":{"line":19,"column":8},"end":{"line":19,"column":36}},"type":"if","locations":[{"start":{"line":19,"column":8},"end":{"line":19,"column":36}},{"start":{},"end":{}}],"line":19},"3":{"loc":{"start":{"line":27,"column":8},"end":{"line":27,"column":36}},"type":"if","locations":[{"start":{"line":27,"column":8},"end":{"line":27,"column":36}},{"start":{},"end":{}}],"line":27}},"s":{"0":6,"1":6,"2":6,"3":8,"4":1,"5":7,"6":7,"7":2,"8":1,"9":1,"10":1,"11":1,"12":2,"13":1,"14":1},"f":{"0":6,"1":8,"2":2,"3":2},"b":{"0":[2],"1":[1,7],"2":[1,1],"3":[1,1]},"_coverageSchema":"1a1c01bbd47fc00a2c39e90264f33305004495a9","hash":"ab3aea789fedb03e87e04f643e437e0a347a4953"}
,"C:\\Users\\JuniFruit\\Desktop\\VSCode\\DataStructures\\src\\Stack\\Stack.js": {"path":"C:\\Users\\JuniFruit\\Desktop\\VSCode\\DataStructures\\src\\Stack\\Stack.js","statementMap":{"0":{"start":{"line":6,"column":8},"end":{"line":6,"column":38}},"1":{"start":{"line":7,"column":8},"end":{"line":7,"column":31}},"2":{"start":{"line":8,"column":8},"end":{"line":8,"column":21}},"3":{"start":{"line":12,"column":8},"end":{"line":12,"column":78}},"4":{"start":{"line":12,"column":39},"end":{"line":12,"column":78}},"5":{"start":{"line":14,"column":8},"end":{"line":14,"column":36}},"6":{"start":{"line":15,"column":8},"end":{"line":15,"column":20}},"7":{"start":{"line":18,"column":8},"end":{"line":18,"column":36}},"8":{"start":{"line":18,"column":24},"end":{"line":18,"column":36}},"9":{"start":{"line":19,"column":23},"end":{"line":19,"column":46}},"10":{"start":{"line":20,"column":8},"end":{"line":20,"column":20}},"11":{"start":{"line":21,"column":8},"end":{"line":21,"column":21}},"12":{"start":{"line":24,"column":8},"end":{"line":24,"column":36}},"13":{"start":{"line":24,"column":24},"end":{"line":24,"column":36}},"14":{"start":{"line":26,"column":21},"end":{"line":26,"column":36}},"15":{"start":{"line":27,"column":8},"end":{"line":27,"column":20}}},"fnMap":{"0":{"name":"(anonymous_0)","decl":{"start":{"line":5,"column":4},"end":{"line":5,"column":5}},"loc":{"start":{"line":5,"column":36},"end":{"line":9,"column":5}},"line":5},"1":{"name":"(anonymous_1)","decl":{"start":{"line":11,"column":4},"end":{"line":11,"column":5}},"loc":{"start":{"line":11,"column":16},"end":{"line":16,"column":5}},"line":11},"2":{"name":"(anonymous_2)","decl":{"start":{"line":17,"column":4},"end":{"line":17,"column":5}},"loc":{"start":{"line":17,"column":10},"end":{"line":22,"column":5}},"line":17},"3":{"name":"(anonymous_3)","decl":{"start":{"line":23,"column":4},"end":{"line":23,"column":5}},"loc":{"start":{"line":23,"column":11},"end":{"line":28,"column":5}},"line":23}},"branchMap":{"0":{"loc":{"start":{"line":5,"column":16},"end":{"line":5,"column":34}},"type":"default-arg","locations":[{"start":{"line":5,"column":26},"end":{"line":5,"column":34}}],"line":5},"1":{"loc":{"start":{"line":12,"column":8},"end":{"line":12,"column":78}},"type":"if","locations":[{"start":{"line":12,"column":8},"end":{"line":12,"column":78}},{"start":{},"end":{}}],"line":12},"2":{"loc":{"start":{"line":18,"column":8},"end":{"line":18,"column":36}},"type":"if","locations":[{"start":{"line":18,"column":8},"end":{"line":18,"column":36}},{"start":{},"end":{}}],"line":18},"3":{"loc":{"start":{"line":24,"column":8},"end":{"line":24,"column":36}},"type":"if","locations":[{"start":{"line":24,"column":8},"end":{"line":24,"column":36}},{"start":{},"end":{}}],"line":24}},"s":{"0":6,"1":6,"2":6,"3":8,"4":1,"5":7,"6":7,"7":2,"8":1,"9":1,"10":1,"11":1,"12":2,"13":1,"14":1,"15":1},"f":{"0":6,"1":8,"2":2,"3":2},"b":{"0":[2],"1":[1,7],"2":[1,1],"3":[1,1]},"_coverageSchema":"1a1c01bbd47fc00a2c39e90264f33305004495a9","hash":"baf894e566acdbe40248966012549af80f0a812e"}
,"C:\\Users\\JuniFruit\\Desktop\\VSCode\\DataStructures\\src\\Tree\\Tree.js": {"path":"C:\\Users\\JuniFruit\\Desktop\\VSCode\\DataStructures\\src\\Tree\\Tree.js","statementMap":{"0":{"start":{"line":3,"column":8},"end":{"line":3,"column":25}},"1":{"start":{"line":4,"column":8},"end":{"line":4,"column":26}},"2":{"start":{"line":8,"column":8},"end":{"line":13,"column":9}},"3":{"start":{"line":9,"column":12},"end":{"line":9,"column":37}},"4":{"start":{"line":12,"column":12},"end":{"line":12,"column":52}},"5":{"start":{"line":16,"column":23},"end":{"line":16,"column":43}},"6":{"start":{"line":18,"column":8},"end":{"line":24,"column":10}},"7":{"start":{"line":19,"column":12},"end":{"line":23,"column":13}},"8":{"start":{"line":20,"column":16},"end":{"line":20,"column":56}},"9":{"start":{"line":22,"column":16},"end":{"line":22,"column":52}},"10":{"start":{"line":26,"column":8},"end":{"line":30,"column":9}},"11":{"start":{"line":27,"column":12},"end":{"line":29,"column":14}},"12":{"start":{"line":28,"column":16},"end":{"line":28,"column":49}},"13":{"start":{"line":33,"column":20},"end":{"line":33,"column":32}},"14":{"start":{"line":34,"column":8},"end":{"line":34,"column":28}},"15":{"start":{"line":35,"column":8},"end":{"line":35,"column":65}},"16":{"start":{"line":35,"column":39},"end":{"line":35,"column":64}},"17":{"start":{"line":36,"column":8},"end":{"line":36,"column":19}},"18":{"start":{"line":39,"column":20},"end":{"line":39,"column":22}},"19":{"start":{"line":40,"column":20},"end":{"line":40,"column":26}},"20":{"start":{"line":42,"column":8},"end":{"line":46,"column":9}},"21":{"start":{"line":43,"column":26},"end":{"line":43,"column":39}},"22":{"start":{"line":44,"column":12},"end":{"line":44,"column":51}},"23":{"start":{"line":45,"column":12},"end":{"line":45,"column":35}},"24":{"start":{"line":47,"column":8},"end":{"line":47,"column":19}}},"fnMap":{"0":{"name":"(anonymous_0)","decl":{"start":{"line":2,"column":4},"end":{"line":2,"column":5}},"loc":{"start":{"line":2,"column":22},"end":{"line":5,"column":5}},"line":2},"1":{"name":"(anonymous_1)","decl":{"start":{"line":7,"column":4},"end":{"line":7,"column":5}},"loc":{"start":{"line":7,"column":20},"end":{"line":14,"column":5}},"line":7},"2":{"name":"(anonymous_2)","decl":{"start":{"line":15,"column":4},"end":{"line":15,"column":5}},"loc":{"start":{"line":15,"column":31},"end":{"line":31,"column":5}},"line":15},"3":{"name":"(anonymous_3)","decl":{"start":{"line":18,"column":45},"end":{"line":18,"column":46}},"loc":{"start":{"line":18,"column":54},"end":{"line":24,"column":9}},"line":18},"4":{"name":"(anonymous_4)","decl":{"start":{"line":27,"column":34},"end":{"line":27,"column":35}},"loc":{"start":{"line":27,"column":43},"end":{"line":29,"column":13}},"line":27},"5":{"name":"(anonymous_5)","decl":{"start":{"line":32,"column":4},"end":{"line":32,"column":5}},"loc":{"start":{"line":32,"column":33},"end":{"line":37,"column":5}},"line":32},"6":{"name":"(anonymous_6)","decl":{"start":{"line":35,"column":30},"end":{"line":35,"column":31}},"loc":{"start":{"line":35,"column":39},"end":{"line":35,"column":64}},"line":35},"7":{"name":"(anonymous_7)","decl":{"start":{"line":38,"column":4},"end":{"line":38,"column":5}},"loc":{"start":{"line":38,"column":23},"end":{"line":49,"column":5}},"line":38}},"branchMap":{"0":{"loc":{"start":{"line":8,"column":8},"end":{"line":13,"column":9}},"type":"if","locations":[{"start":{"line":8,"column":8},"end":{"line":13,"column":9}},{"start":{"line":11,"column":15},"end":{"line":13,"column":9}}],"line":8},"1":{"loc":{"start":{"line":19,"column":12},"end":{"line":23,"column":13}},"type":"if","locations":[{"start":{"line":19,"column":12},"end":{"line":23,"column":13}},{"start":{"line":21,"column":19},"end":{"line":23,"column":13}}],"line":19},"2":{"loc":{"start":{"line":26,"column":8},"end":{"line":30,"column":9}},"type":"if","locations":[{"start":{"line":26,"column":8},"end":{"line":30,"column":9}},{"start":{},"end":{}}],"line":26},"3":{"loc":{"start":{"line":32,"column":19},"end":{"line":32,"column":31}},"type":"default-arg","locations":[{"start":{"line":32,"column":29},"end":{"line":32,"column":31}}],"line":32}},"s":{"0":21,"1":21,"2":17,"3":2,"4":15,"5":4,"6":4,"7":5,"8":2,"9":3,"10":4,"11":2,"12":2,"13":7,"14":7,"15":7,"16":6,"17":7,"18":1,"19":1,"20":1,"21":7,"22":7,"23":7,"24":1},"f":{"0":21,"1":17,"2":4,"3":5,"4":2,"5":7,"6":6,"7":1},"b":{"0":[2,15],"1":[2,3],"2":[2,2],"3":[1]},"_coverageSchema":"1a1c01bbd47fc00a2c39e90264f33305004495a9","hash":"d258748b3e3edc5393203f6d59232915f27c090b"}
}
