TN:
SF:src\HashMap\HashMap.js
FN:5,(anonymous_0)
FN:6,(anonymous_1)
FN:10,(anonymous_2)
FN:18,(anonymous_3)
FN:42,(anonymous_4)
FNF:5
FNH:5
FNDA:6,(anonymous_0)
FNDA:30,(anonymous_1)
FNDA:14,(anonymous_2)
FNDA:8,(anonymous_3)
FNDA:5,(anonymous_4)
DA:6,30
DA:7,6
DA:11,14
DA:12,14
DA:13,80
DA:15,14
DA:20,8
DA:21,8
DA:23,8
DA:24,5
DA:27,3
DA:29,3
DA:30,4
DA:31,1
DA:32,1
DA:34,3
DA:35,2
DA:36,2
DA:38,1
DA:43,5
DA:44,5
DA:46,5
DA:48,5
DA:50,5
DA:51,7
DA:52,4
DA:54,3
DA:56,1
LF:28
LH:28
BRDA:5,0,0,0
BRDA:23,1,0,5
BRDA:23,1,1,3
BRDA:30,2,0,1
BRDA:30,2,1,3
BRDA:34,3,0,2
BRDA:34,3,1,1
BRDA:46,4,0,0
BRDA:46,4,1,5
BRDA:51,5,0,4
BRDA:51,5,1,3
BRF:11
BRH:9
end_of_record
TN:
SF:src\Heap\MinHeap.js
FN:2,(anonymous_0)
FN:8,(anonymous_1)
FN:15,(anonymous_2)
FN:24,(anonymous_3)
FN:33,(anonymous_4)
FN:57,(anonymous_5)
FN:61,(anonymous_6)
FN:65,(anonymous_7)
FN:68,(anonymous_8)
FN:71,(anonymous_9)
FN:74,(anonymous_10)
FNF:11
FNH:11
FNDA:9,(anonymous_0)
FNDA:32,(anonymous_1)
FNDA:2,(anonymous_2)
FNDA:32,(anonymous_3)
FNDA:2,(anonymous_4)
FNDA:7,(anonymous_5)
FNDA:7,(anonymous_6)
FNDA:17,(anonymous_7)
FNDA:29,(anonymous_8)
FNDA:6,(anonymous_9)
FNDA:6,(anonymous_10)
DA:3,9
DA:4,9
DA:10,32
DA:11,32
DA:12,32
DA:16,2
DA:17,2
DA:18,2
DA:19,2
DA:21,2
DA:25,32
DA:27,32
DA:28,2
DA:29,2
DA:34,2
DA:35,2
DA:36,2
DA:38,2
DA:39,3
DA:40,2
DA:41,1
DA:42,1
DA:44,1
DA:45,1
DA:49,1
DA:50,1
DA:52,3
DA:53,3
DA:58,7
DA:62,7
DA:66,17
DA:69,29
DA:72,6
DA:75,6
LF:34
LH:34
BRDA:27,0,0,34
BRDA:27,0,1,24
BRDA:39,1,0,2
BRDA:39,1,1,1
BRDA:39,2,0,3
BRDA:39,2,1,3
BRDA:40,3,0,1
BRDA:40,3,1,1
BRDA:62,4,0,7
BRDA:62,4,1,4
BRDA:62,4,2,4
BRDA:62,4,3,1
BRF:12
BRH:12
end_of_record
TN:
SF:src\LinkedLists\SinglyLinkedList.js
FN:2,(anonymous_0)
FN:7,(anonymous_1)
FN:14,(anonymous_2)
FN:19,(anonymous_3)
FN:27,(anonymous_4)
FN:43,(anonymous_5)
FN:65,(anonymous_6)
FN:77,(anonymous_7)
FN:97,(anonymous_8)
FN:117,(anonymous_9)
FN:129,(anonymous_10)
FN:141,(anonymous_11)
FN:169,(anonymous_12)
FN:187,(anonymous_13)
FN:228,(anonymous_14)
FN:246,(anonymous_15)
FNF:16
FNH:16
FNDA:240,(anonymous_0)
FNDA:187,(anonymous_1)
FNDA:102,(anonymous_2)
FNDA:48,(anonymous_3)
FNDA:212,(anonymous_4)
FNDA:5,(anonymous_5)
FNDA:7,(anonymous_6)
FNDA:3,(anonymous_7)
FNDA:4,(anonymous_8)
FNDA:3,(anonymous_9)
FNDA:14,(anonymous_10)
FNDA:25,(anonymous_11)
FNDA:1,(anonymous_12)
FNDA:2,(anonymous_13)
FNDA:1,(anonymous_14)
FNDA:6,(anonymous_15)
DA:3,240
DA:4,240
DA:9,187
DA:15,102
DA:16,102
DA:20,48
DA:21,48
DA:22,48
DA:23,48
DA:24,48
DA:28,212
DA:30,31
DA:33,181
DA:34,181
DA:36,666
DA:38,181
DA:39,181
DA:44,5
DA:45,4
DA:46,3
DA:48,1
DA:49,1
DA:50,1
DA:51,1
DA:53,1
DA:54,5
DA:55,1
DA:57,1
DA:59,4
DA:60,4
DA:61,4
DA:66,7
DA:67,7
DA:69,6
DA:71,6
DA:72,6
DA:73,6
DA:79,3
DA:81,2
DA:83,2
DA:84,9
DA:85,9
DA:89,2
DA:90,1
DA:91,1
DA:93,1
DA:98,4
DA:99,3
DA:101,2
DA:102,2
DA:104,2
DA:105,16
DA:106,1
DA:107,1
DA:109,15
DA:110,15
DA:112,2
DA:113,1
DA:114,1
DA:118,3
DA:120,2
DA:122,2
DA:123,16
DA:124,15
DA:126,1
DA:130,14
DA:132,11
DA:133,11
DA:134,11
DA:135,52
DA:136,41
DA:137,41
DA:142,25
DA:143,25
DA:144,190
DA:147,25
DA:169,4
DA:170,1
DA:171,1
DA:172,1
DA:174,1
DA:175,4
DA:176,4
DA:177,4
DA:178,4
DA:181,1
DA:182,1
DA:187,4
DA:189,2
DA:190,2
DA:193,2
DA:194,2
DA:195,2
DA:197,2
DA:198,3
DA:200,2
DA:201,2
DA:202,2
DA:203,2
DA:204,2
DA:205,2
DA:206,5
DA:207,5
DA:208,5
DA:209,5
DA:210,5
DA:211,5
DA:214,2
DA:215,2
DA:216,2
DA:217,2
DA:219,1
DA:220,1
DA:221,1
DA:223,2
DA:228,4
DA:230,1
DA:231,1
DA:233,1
DA:234,2
DA:235,2
DA:236,2
DA:237,2
DA:241,1
DA:246,4
DA:248,6
DA:249,5
DA:251,4
DA:252,4
DA:253,4
DA:254,4
DA:255,4
DA:259,4
DA:261,27
DA:262,4
DA:263,4
DA:264,4
DA:265,4
DA:267,23
DA:268,3
DA:269,3
DA:270,3
DA:271,3
DA:274,27
DA:276,25
DA:277,25
DA:280,4
DA:281,4
DA:282,4
DA:283,3
LF:150
LH:150
BRDA:23,0,0,5
BRDA:23,0,1,43
BRDA:28,1,0,31
BRDA:28,1,1,181
BRDA:44,2,0,1
BRDA:44,2,1,4
BRDA:45,3,0,1
BRDA:45,3,1,3
BRDA:46,4,0,2
BRDA:46,4,1,1
BRDA:46,5,0,3
BRDA:46,5,1,2
BRDA:54,6,0,1
BRDA:54,6,1,4
BRDA:67,7,0,1
BRDA:67,7,1,6
BRDA:79,8,0,1
BRDA:79,8,1,2
BRDA:89,9,0,1
BRDA:89,9,1,1
BRDA:98,10,0,1
BRDA:98,10,1,3
BRDA:99,11,0,1
BRDA:99,11,1,2
BRDA:105,12,0,1
BRDA:105,12,1,15
BRDA:112,13,0,1
BRDA:112,13,1,1
BRDA:118,14,0,1
BRDA:118,14,1,2
BRDA:123,15,0,1
BRDA:123,15,1,15
BRDA:130,16,0,3
BRDA:130,16,1,11
BRDA:130,17,0,14
BRDA:130,17,1,13
BRDA:135,18,0,11
BRDA:135,18,1,41
BRDA:189,19,0,0
BRDA:189,19,1,2
BRDA:190,20,0,0
BRDA:190,20,1,2
BRDA:198,21,0,2
BRDA:198,21,1,1
BRDA:198,22,0,3
BRDA:198,22,1,2
BRDA:210,23,0,2
BRDA:210,23,1,3
BRDA:215,24,0,1
BRDA:215,24,1,1
BRDA:235,25,0,2
BRDA:235,25,1,0
BRDA:248,26,0,1
BRDA:248,26,1,5
BRDA:249,27,0,1
BRDA:249,27,1,4
BRDA:249,28,0,5
BRDA:249,28,1,5
BRDA:261,29,0,4
BRDA:261,29,1,23
BRDA:264,30,0,3
BRDA:264,30,1,1
BRDA:267,31,0,3
BRDA:267,31,1,20
BRDA:270,32,0,3
BRDA:270,32,1,0
BRDA:274,33,0,2
BRDA:274,33,1,25
BRDA:274,34,0,27
BRDA:274,34,1,4
BRDA:280,35,0,1
BRDA:280,35,1,3
BRDA:281,36,0,0
BRDA:281,36,1,4
BRDA:282,37,0,1
BRDA:282,37,1,3
BRDA:282,38,0,4
BRDA:282,38,1,4
BRF:78
BRH:73
end_of_record
TN:
SF:src\Queue\Queue.js
FN:4,(anonymous_0)
FN:11,(anonymous_1)
FN:18,(anonymous_2)
FN:26,(anonymous_3)
FNF:4
FNH:4
FNDA:6,(anonymous_0)
FNDA:8,(anonymous_1)
FNDA:2,(anonymous_2)
FNDA:2,(anonymous_3)
DA:5,6
DA:6,6
DA:7,6
DA:12,8
DA:14,7
DA:15,7
DA:19,2
DA:21,1
DA:22,1
DA:23,1
DA:27,2
DA:29,1
LF:12
LH:12
BRDA:4,0,0,2
BRDA:12,1,0,1
BRDA:12,1,1,7
BRDA:19,2,0,1
BRDA:19,2,1,1
BRDA:27,3,0,1
BRDA:27,3,1,1
BRF:7
BRH:7
end_of_record
TN:
SF:src\Stack\Stack.js
FN:5,(anonymous_0)
FN:11,(anonymous_1)
FN:17,(anonymous_2)
FN:23,(anonymous_3)
FNF:4
FNH:4
FNDA:6,(anonymous_0)
FNDA:8,(anonymous_1)
FNDA:2,(anonymous_2)
FNDA:2,(anonymous_3)
DA:6,6
DA:7,6
DA:8,6
DA:12,8
DA:14,7
DA:15,7
DA:18,2
DA:19,1
DA:20,1
DA:21,1
DA:24,2
DA:26,1
DA:27,1
LF:13
LH:13
BRDA:5,0,0,2
BRDA:12,1,0,1
BRDA:12,1,1,7
BRDA:18,2,0,1
BRDA:18,2,1,1
BRDA:24,3,0,1
BRDA:24,3,1,1
BRF:7
BRH:7
end_of_record
TN:
SF:src\Tree\Tree.js
FN:2,(anonymous_0)
FN:7,(anonymous_1)
FN:15,(anonymous_2)
FN:18,(anonymous_3)
FN:27,(anonymous_4)
FN:32,(anonymous_5)
FN:35,(anonymous_6)
FN:38,(anonymous_7)
FNF:8
FNH:8
FNDA:21,(anonymous_0)
FNDA:17,(anonymous_1)
FNDA:4,(anonymous_2)
FNDA:5,(anonymous_3)
FNDA:2,(anonymous_4)
FNDA:7,(anonymous_5)
FNDA:6,(anonymous_6)
FNDA:1,(anonymous_7)
DA:3,21
DA:4,21
DA:8,17
DA:9,2
DA:12,15
DA:16,4
DA:18,4
DA:19,5
DA:20,2
DA:22,3
DA:26,4
DA:27,2
DA:28,2
DA:33,7
DA:34,7
DA:35,7
DA:36,7
DA:39,1
DA:40,1
DA:42,1
DA:43,7
DA:44,7
DA:45,7
DA:47,1
LF:24
LH:24
BRDA:8,0,0,2
BRDA:8,0,1,15
BRDA:19,1,0,2
BRDA:19,1,1,3
BRDA:26,2,0,2
BRDA:26,2,1,2
BRDA:32,3,0,1
BRF:7
BRH:7
end_of_record
